<?xml version="1.0" encoding="UTF-8"?>
<testng-results skipped="0" failed="0" total="1" passed="1">
  <reporter-output>
  </reporter-output>
  <suite name="Surefire suite" duration-ms="50" started-at="2021-12-11T05:57:31Z" finished-at="2021-12-11T05:57:31Z">
    <groups>
    </groups>
    <test name="Surefire test" duration-ms="50" started-at="2021-12-11T05:57:31Z" finished-at="2021-12-11T05:57:31Z">
      <class name="pagefactorygroup.pagefactoryid.AppTest">
        <test-method status="PASS" signature="shouldAnswerWithTrue()[pri:0, instance:shouldAnswerWithTrue(pagefactorygroup.pagefactoryid.AppTest)]" name="shouldAnswerWithTrue" duration-ms="4" started-at="2021-12-11T11:27:31Z" finished-at="2021-12-11T11:27:31Z">
          <reporter-output>
          </reporter-output>
        </test-method> <!-- shouldAnswerWithTrue -->
      </class> <!-- pagefactorygroup.pagefactoryid.AppTest -->
    </test> <!-- Surefire test -->
  </suite> <!-- Surefire suite -->
</testng-results>
