<?xml version="1.0" encoding="UTF-8"?>
<testng-results total="1" passed="1" failed="0" skipped="0">
  <reporter-output>
    <line>
      <![CDATA[Title is: My Store]]>
    </line>
    <line>
      <![CDATA[Going to Wait for Contact Us]]>
    </line>
    <line>
      <![CDATA[Contact usGot this text]]>
    </line>
    <line>
      <![CDATA[Waited for the Contact Us]]>
    </line>
    <line>
      <![CDATA[Checking Element Exists]]>
    </line>
    <line>
      <![CDATA[Before11-12-2021 23:36:29]]>
    </line>
    <line>
      <![CDATA[Size is 0]]>
    </line>
    <line>
      <![CDATA[After11-12-2021 23:36:29]]>
    </line>
    <line>
      <![CDATA[Done with Element Check]]>
    </line>
  </reporter-output>
  <suite started-at="2021-12-11T18:06:16Z" name="Default suite" finished-at="2021-12-11T18:06:32Z" duration-ms="16376">
    <groups>
    </groups>
    <test started-at="2021-12-11T18:06:16Z" name="Default test" finished-at="2021-12-11T18:06:32Z" duration-ms="16376">
      <class name="pagefactorygroup.pagefactoryid.TestClass">
        <test-method is-config="true" signature="setup()[pri:0, instance:pagefactorygroup.pagefactoryid.TestClass@51133c06]" started-at="2021-12-11T23:36:16Z" name="setup" finished-at="2021-12-11T23:36:29Z" duration-ms="12975" status="PASS">
          <reporter-output>
            <line>
              <![CDATA[Title is: My Store]]>
            </line>
          </reporter-output>
        </test-method> <!-- setup -->
        <test-method signature="checkingScroll()[pri:0, instance:pagefactorygroup.pagefactoryid.TestClass@51133c06]" started-at="2021-12-11T23:36:29Z" name="checkingScroll" finished-at="2021-12-11T23:36:32Z" duration-ms="3270" status="PASS">
          <reporter-output>
            <line>
              <![CDATA[Going to Wait for Contact Us]]>
            </line>
            <line>
              <![CDATA[Contact usGot this text]]>
            </line>
            <line>
              <![CDATA[Waited for the Contact Us]]>
            </line>
            <line>
              <![CDATA[Checking Element Exists]]>
            </line>
            <line>
              <![CDATA[Before11-12-2021 23:36:29]]>
            </line>
            <line>
              <![CDATA[Size is 0]]>
            </line>
            <line>
              <![CDATA[After11-12-2021 23:36:29]]>
            </line>
            <line>
              <![CDATA[Done with Element Check]]>
            </line>
          </reporter-output>
        </test-method> <!-- checkingScroll -->
        <test-method is-config="true" signature="tearDown()[pri:0, instance:pagefactorygroup.pagefactoryid.TestClass@51133c06]" started-at="2021-12-11T23:36:32Z" name="tearDown" finished-at="2021-12-11T23:36:32Z" duration-ms="117" status="PASS">
          <reporter-output>
          </reporter-output>
        </test-method> <!-- tearDown -->
      </class> <!-- pagefactorygroup.pagefactoryid.TestClass -->
    </test> <!-- Default test -->
  </suite> <!-- Default suite -->
</testng-results>
