<?xml version="1.0" encoding="UTF-8"?>
<testng-results total="1" passed="1" failed="0" skipped="0">
  <reporter-output>
    <line>
      <![CDATA[Title is: My Store]]>
    </line>
    <line>
      <![CDATA[Size is 0]]>
    </line>
    <line>
      <![CDATA[After11-12-2021 10:55:56]]>
    </line>
    <line>
      <![CDATA[Done with Element Check]]>
    </line>
  </reporter-output>
  <suite started-at="2021-12-11T05:25:22Z" name="Default suite" finished-at="2021-12-11T05:26:00Z" duration-ms="37110">
    <groups>
    </groups>
    <test started-at="2021-12-11T05:25:22Z" name="Default test" finished-at="2021-12-11T05:26:00Z" duration-ms="37110">
      <class name="pagefactorygroup.pagefactoryid.TestClass">
        <test-method is-config="true" signature="setup()[pri:0, instance:pagefactorygroup.pagefactoryid.TestClass@51133c06]" started-at="2021-12-11T10:55:22Z" name="setup" finished-at="2021-12-11T10:55:56Z" duration-ms="33168" status="PASS">
          <reporter-output>
            <line>
              <![CDATA[Title is: My Store]]>
            </line>
          </reporter-output>
        </test-method> <!-- setup -->
        <test-method signature="checkingScroll()[pri:0, instance:pagefactorygroup.pagefactoryid.TestClass@51133c06]" started-at="2021-12-11T10:55:56Z" name="checkingScroll" finished-at="2021-12-11T10:55:59Z" duration-ms="3820" status="PASS">
          <reporter-output>
            <line>
              <![CDATA[Size is 0]]>
            </line>
            <line>
              <![CDATA[After11-12-2021 10:55:56]]>
            </line>
            <line>
              <![CDATA[Done with Element Check]]>
            </line>
          </reporter-output>
        </test-method> <!-- checkingScroll -->
        <test-method is-config="true" signature="tearDown()[pri:0, instance:pagefactorygroup.pagefactoryid.TestClass@51133c06]" started-at="2021-12-11T10:55:59Z" name="tearDown" finished-at="2021-12-11T10:56:00Z" duration-ms="103" status="PASS">
          <reporter-output>
          </reporter-output>
        </test-method> <!-- tearDown -->
      </class> <!-- pagefactorygroup.pagefactoryid.TestClass -->
    </test> <!-- Default test -->
  </suite> <!-- Default suite -->
</testng-results>
